2016-11-08 16:38:13.850+0000 INFO  [o.n.k.i.f.CommunityFacadeFactory] No locking implementation specified, defaulting to 'community'
2016-11-08 16:38:13.854+0000 INFO  [o.n.k.AvailabilityGuard] Requirement makes database unavailable: Database available
2016-11-08 16:38:13.857+0000 INFO  [o.n.k.i.DiagnosticsManager] --- INITIALIZED diagnostics START ---
2016-11-08 16:38:13.857+0000 INFO  [o.n.k.i.DiagnosticsManager] Neo4j Kernel properties:
2016-11-08 16:38:13.857+0000 INFO  [o.n.k.i.DiagnosticsManager] dbms.connector.http.enabled=true
2016-11-08 16:38:13.857+0000 INFO  [o.n.k.i.DiagnosticsManager] dbms.security.auth_enabled=true
2016-11-08 16:38:13.857+0000 INFO  [o.n.k.i.DiagnosticsManager] dbms.connector.bolt.type=BOLT
2016-11-08 16:38:13.857+0000 INFO  [o.n.k.i.DiagnosticsManager] unsupported.dbms.directories.neo4j_home=C:\Users\Mahmut\Documents\Neo4j\newDBHome
2016-11-08 16:38:13.857+0000 INFO  [o.n.k.i.DiagnosticsManager] dbms.directories.import=import
2016-11-08 16:38:13.857+0000 INFO  [o.n.k.i.DiagnosticsManager] dbms.connector.bolt.tls_level=OPTIONAL
2016-11-08 16:38:13.857+0000 INFO  [o.n.k.i.DiagnosticsManager] dbms.shell.enabled=true
2016-11-08 16:38:13.857+0000 INFO  [o.n.k.i.DiagnosticsManager] dbms.connector.http.type=HTTP
2016-11-08 16:38:13.857+0000 INFO  [o.n.k.i.DiagnosticsManager] unsupported.dbms.directories.database=C:\Users\Mahmut\Documents\Neo4j\newDBHome
2016-11-08 16:38:13.857+0000 INFO  [o.n.k.i.DiagnosticsManager] dbms.logs.http.enabled=false
2016-11-08 16:38:13.857+0000 INFO  [o.n.k.i.DiagnosticsManager] unsupported.dbms.security.auth_store.location=data\dbms\auth
2016-11-08 16:38:13.857+0000 INFO  [o.n.k.i.DiagnosticsManager] dbms.allow_format_migration=true
2016-11-08 16:38:13.857+0000 INFO  [o.n.k.i.DiagnosticsManager] unsupported.dbms.edition=community
2016-11-08 16:38:13.857+0000 INFO  [o.n.k.i.DiagnosticsManager] dbms.connector.bolt.enabled=true
2016-11-08 16:38:13.857+0000 INFO  [o.n.k.i.DiagnosticsManager] Diagnostics providers:
2016-11-08 16:38:13.857+0000 INFO  [o.n.k.i.DiagnosticsManager] org.neo4j.kernel.configuration.Config
2016-11-08 16:38:13.857+0000 INFO  [o.n.k.i.DiagnosticsManager] org.neo4j.kernel.info.DiagnosticsManager
2016-11-08 16:38:13.857+0000 INFO  [o.n.k.i.DiagnosticsManager] SYSTEM_MEMORY
2016-11-08 16:38:13.857+0000 INFO  [o.n.k.i.DiagnosticsManager] JAVA_MEMORY
2016-11-08 16:38:13.857+0000 INFO  [o.n.k.i.DiagnosticsManager] OPERATING_SYSTEM
2016-11-08 16:38:13.857+0000 INFO  [o.n.k.i.DiagnosticsManager] JAVA_VIRTUAL_MACHINE
2016-11-08 16:38:13.857+0000 INFO  [o.n.k.i.DiagnosticsManager] CLASSPATH
2016-11-08 16:38:13.857+0000 INFO  [o.n.k.i.DiagnosticsManager] LIBRARY_PATH
2016-11-08 16:38:13.857+0000 INFO  [o.n.k.i.DiagnosticsManager] SYSTEM_PROPERTIES
2016-11-08 16:38:13.857+0000 INFO  [o.n.k.i.DiagnosticsManager] NETWORK
2016-11-08 16:38:13.857+0000 INFO  [o.n.k.i.DiagnosticsManager] System memory information:
2016-11-08 16:38:13.857+0000 INFO  [o.n.k.i.DiagnosticsManager] Total Physical memory: 7.89 GB
2016-11-08 16:38:13.857+0000 INFO  [o.n.k.i.DiagnosticsManager] Free Physical memory: 4.87 GB
2016-11-08 16:38:13.857+0000 INFO  [o.n.k.i.DiagnosticsManager] Committed virtual memory: 499.25 MB
2016-11-08 16:38:13.857+0000 INFO  [o.n.k.i.DiagnosticsManager] Total swap space: 9.14 GB
2016-11-08 16:38:13.857+0000 INFO  [o.n.k.i.DiagnosticsManager] Free swap space: 5.07 GB
2016-11-08 16:38:13.857+0000 INFO  [o.n.k.i.DiagnosticsManager] JVM memory information:
2016-11-08 16:38:13.857+0000 INFO  [o.n.k.i.DiagnosticsManager] Free  memory: 129.11 MB
2016-11-08 16:38:13.857+0000 INFO  [o.n.k.i.DiagnosticsManager] Total memory: 264.00 MB
2016-11-08 16:38:13.857+0000 INFO  [o.n.k.i.DiagnosticsManager] Max   memory: 1.75 GB
2016-11-08 16:38:13.857+0000 INFO  [o.n.k.i.DiagnosticsManager] Garbage Collector: PS Scavenge: [PS Eden Space, PS Survivor Space]
2016-11-08 16:38:13.857+0000 INFO  [o.n.k.i.DiagnosticsManager] Garbage Collector: PS MarkSweep: [PS Eden Space, PS Survivor Space, PS Old Gen]
2016-11-08 16:38:13.858+0000 INFO  [o.n.k.i.DiagnosticsManager] Memory Pool: Code Cache (Non-heap memory): committed=12.56 MB, used=12.48 MB, max=240.00 MB, threshold=0.00 B
2016-11-08 16:38:13.858+0000 INFO  [o.n.k.i.DiagnosticsManager] Memory Pool: Metaspace (Non-heap memory): committed=57.00 MB, used=55.73 MB, max=-1.00 B, threshold=0.00 B
2016-11-08 16:38:13.858+0000 INFO  [o.n.k.i.DiagnosticsManager] Memory Pool: Compressed Class Space (Non-heap memory): committed=8.50 MB, used=8.29 MB, max=1.00 GB, threshold=0.00 B
2016-11-08 16:38:13.858+0000 INFO  [o.n.k.i.DiagnosticsManager] Memory Pool: PS Eden Space (Heap memory): committed=108.00 MB, used=91.75 MB, max=623.50 MB, threshold=?
2016-11-08 16:38:13.858+0000 INFO  [o.n.k.i.DiagnosticsManager] Memory Pool: PS Survivor Space (Heap memory): committed=24.50 MB, used=4.80 MB, max=24.50 MB, threshold=?
2016-11-08 16:38:13.858+0000 INFO  [o.n.k.i.DiagnosticsManager] Memory Pool: PS Old Gen (Heap memory): committed=131.50 MB, used=40.39 MB, max=1.32 GB, threshold=0.00 B
2016-11-08 16:38:13.858+0000 INFO  [o.n.k.i.DiagnosticsManager] Operating system information:
2016-11-08 16:38:13.858+0000 INFO  [o.n.k.i.DiagnosticsManager] Operating System: Windows 10; version: 10.0; arch: amd64; cpus: 8
2016-11-08 16:38:13.859+0000 INFO  [o.n.k.i.DiagnosticsManager] Process id: 8456@DESKTOP-BMH7OHT
2016-11-08 16:38:13.859+0000 INFO  [o.n.k.i.DiagnosticsManager] Byte order: LITTLE_ENDIAN
2016-11-08 16:38:13.859+0000 INFO  [o.n.k.i.DiagnosticsManager] Local timezone: Asia/Istanbul
2016-11-08 16:38:13.859+0000 INFO  [o.n.k.i.DiagnosticsManager] JVM information:
2016-11-08 16:38:13.859+0000 INFO  [o.n.k.i.DiagnosticsManager] VM Name: Java HotSpot(TM) 64-Bit Server VM
2016-11-08 16:38:13.859+0000 INFO  [o.n.k.i.DiagnosticsManager] VM Vendor: Oracle Corporation
2016-11-08 16:38:13.859+0000 INFO  [o.n.k.i.DiagnosticsManager] VM Version: 25.66-b18
2016-11-08 16:38:13.859+0000 INFO  [o.n.k.i.DiagnosticsManager] JIT compiler: HotSpot 64-Bit Tiered Compilers
2016-11-08 16:38:13.859+0000 INFO  [o.n.k.i.DiagnosticsManager] VM Arguments: [-Dexe4j.semaphoreName=Local\c:_program_files_neo4j_ce_3.0.6_bin_neo4j-ce.exe, -Dexe4j.isInstall4j=true, -Dexe4j.moduleName=C:\Program Files\Neo4j CE 3.0.6\bin\neo4j-ce.exe, -Dexe4j.tempDir=, -Dexe4j.unextractedPosition=0, -Djava.library.path=C:\ProgramData\Oracle\Java\javapath;C:\WINDOWS\system32;C:\WINDOWS;C:\WINDOWS\System32\Wbem;C:\WINDOWS\System32\WindowsPowerShell\v1.0\;C:\WINDOWS\system32\config\systemprofile\.dnx\bin;C:\Program Files\Microsoft DNX\Dnvm\;C:\Program Files\Microsoft SQL Server\120\Tools\Binn\;C:\Program Files (x86)\Windows Kits\10\Windows Performance Toolkit\;C:\Program Files (x86)\MySQL\MySQL Fabric 1.5.3 & MySQL Utilities 1.5.3 1.5\;C:\Program Files (x86)\MySQL\MySQL Fabric 1.5.3 & MySQL Utilities 1.5.3 1.5\Doctrine extensions for PHP\;C:\Program Files\Java\jdk1.8.0_65\bin;C:\Program Files (x86)\Skype\Phone\;C:\Program Files\nodejs\;C:\Program Files (x86)\Brackets\command;C:\Users\Mahmut\AppData\Roaming\npm;C:\Program Files (x86)\SSH Communications Security\SSH Secure Shell;%USERPROFILE%\AppData\Local\Microsoft\WindowsApps;;c:\program files\java\jre1.8.0_66\bin, -Dexe4j.consoleCodepage=cp0, -Dinstall4j.launcherId=24, -Dinstall4j.swt=false]
2016-11-08 16:38:13.859+0000 INFO  [o.n.k.i.DiagnosticsManager] Java classpath:
2016-11-08 16:38:13.861+0000 INFO  [o.n.k.i.DiagnosticsManager]  [bootstrap] C:\Program Files\Java\jre1.8.0_66\lib\jce.jar
2016-11-08 16:38:13.861+0000 INFO  [o.n.k.i.DiagnosticsManager]  [loader.1] file:/C:/Program%20Files/Java/jre1.8.0_66/lib/ext/jaccess.jar
2016-11-08 16:38:13.861+0000 INFO  [o.n.k.i.DiagnosticsManager]  [loader.1] file:/C:/Program%20Files/Java/jre1.8.0_66/lib/ext/nashorn.jar
2016-11-08 16:38:13.861+0000 INFO  [o.n.k.i.DiagnosticsManager]  [bootstrap] C:\Program Files\Java\jre1.8.0_66\lib\resources.jar
2016-11-08 16:38:13.861+0000 INFO  [o.n.k.i.DiagnosticsManager]  [loader.1] file:/C:/Program%20Files/Java/jre1.8.0_66/lib/ext/access-bridge-64.jar
2016-11-08 16:38:13.861+0000 INFO  [o.n.k.i.DiagnosticsManager]  [loader.1] file:/C:/Program%20Files/Java/jre1.8.0_66/lib/ext/jfxrt.jar
2016-11-08 16:38:13.861+0000 INFO  [o.n.k.i.DiagnosticsManager]  [loader.1] file:/C:/Program%20Files/Java/jre1.8.0_66/lib/ext/zipfs.jar
2016-11-08 16:38:13.861+0000 INFO  [o.n.k.i.DiagnosticsManager]  [loader.0] file:/C:/Program%20Files/Neo4j%20CE%203.0.6/.install4j/i4jruntime.jar
2016-11-08 16:38:13.861+0000 INFO  [o.n.k.i.DiagnosticsManager]  [loader.1] file:/C:/Program%20Files/Java/jre1.8.0_66/lib/ext/sunpkcs11.jar
2016-11-08 16:38:13.861+0000 INFO  [o.n.k.i.DiagnosticsManager]  [loader.1] file:/C:/Program%20Files/Java/jre1.8.0_66/lib/ext/sunec.jar
2016-11-08 16:38:13.861+0000 INFO  [o.n.k.i.DiagnosticsManager]  [loader.0] file:/C:/Program%20Files/Neo4j%20CE%203.0.6/bin/
2016-11-08 16:38:13.861+0000 INFO  [o.n.k.i.DiagnosticsManager]  [bootstrap] C:\Program Files\Java\jre1.8.0_66\lib\jfr.jar
2016-11-08 16:38:13.861+0000 INFO  [o.n.k.i.DiagnosticsManager]  [bootstrap] C:\Program Files\Java\jre1.8.0_66\lib\charsets.jar
2016-11-08 16:38:13.861+0000 INFO  [o.n.k.i.DiagnosticsManager]  [loader.1] file:/C:/Program%20Files/Java/jre1.8.0_66/lib/ext/cldrdata.jar
2016-11-08 16:38:13.861+0000 INFO  [o.n.k.i.DiagnosticsManager]  [bootstrap] C:\Program Files\Java\jre1.8.0_66\lib\jsse.jar
2016-11-08 16:38:13.861+0000 INFO  [o.n.k.i.DiagnosticsManager]  [loader.0] file:/C:/Program%20Files/Neo4j%20CE%203.0.6/bin/neo4j-desktop-3.0.6.jar
2016-11-08 16:38:13.861+0000 INFO  [o.n.k.i.DiagnosticsManager]  [classpath] C:\Program Files\Neo4j CE 3.0.6\bin\neo4j-desktop-3.0.6.jar
2016-11-08 16:38:13.861+0000 INFO  [o.n.k.i.DiagnosticsManager]  [bootstrap] C:\Program Files\Java\jre1.8.0_66\lib\sunrsasign.jar
2016-11-08 16:38:13.861+0000 INFO  [o.n.k.i.DiagnosticsManager]  [loader.1] file:/C:/Program%20Files/Java/jre1.8.0_66/lib/ext/dnsns.jar
2016-11-08 16:38:13.861+0000 INFO  [o.n.k.i.DiagnosticsManager]  [bootstrap] C:\Program Files\Java\jre1.8.0_66\classes
2016-11-08 16:38:13.861+0000 INFO  [o.n.k.i.DiagnosticsManager]  [classpath] C:\Program Files\Neo4j CE 3.0.6\.install4j\i4jruntime.jar
2016-11-08 16:38:13.861+0000 INFO  [o.n.k.i.DiagnosticsManager]  [loader.1] file:/C:/Program%20Files/Java/jre1.8.0_66/lib/ext/sunjce_provider.jar
2016-11-08 16:38:13.861+0000 INFO  [o.n.k.i.DiagnosticsManager]  [loader.1] file:/C:/Program%20Files/Java/jre1.8.0_66/lib/ext/sunmscapi.jar
2016-11-08 16:38:13.861+0000 INFO  [o.n.k.i.DiagnosticsManager]  [loader.1] file:/C:/Program%20Files/Java/jre1.8.0_66/lib/ext/localedata.jar
2016-11-08 16:38:13.861+0000 INFO  [o.n.k.i.DiagnosticsManager]  [bootstrap] C:\Program Files\Java\jre1.8.0_66\lib\rt.jar
2016-11-08 16:38:13.861+0000 INFO  [o.n.k.i.DiagnosticsManager] Library path:
2016-11-08 16:38:13.862+0000 INFO  [o.n.k.i.DiagnosticsManager] C:\ProgramData\Oracle\Java\javapath
2016-11-08 16:38:13.862+0000 INFO  [o.n.k.i.DiagnosticsManager] C:\Windows\System32
2016-11-08 16:38:13.862+0000 INFO  [o.n.k.i.DiagnosticsManager] C:\Windows
2016-11-08 16:38:13.862+0000 INFO  [o.n.k.i.DiagnosticsManager] C:\Windows\System32\wbem
2016-11-08 16:38:13.862+0000 INFO  [o.n.k.i.DiagnosticsManager] C:\Windows\System32\WindowsPowerShell\v1.0
2016-11-08 16:38:13.862+0000 INFO  [o.n.k.i.DiagnosticsManager] C:\Windows\System32\config\systemprofile\.dnx\bin
2016-11-08 16:38:13.862+0000 INFO  [o.n.k.i.DiagnosticsManager] C:\Program Files\Microsoft DNX\Dnvm
2016-11-08 16:38:13.863+0000 INFO  [o.n.k.i.DiagnosticsManager] C:\Program Files\Microsoft SQL Server\120\Tools\Binn
2016-11-08 16:38:13.863+0000 INFO  [o.n.k.i.DiagnosticsManager] C:\Program Files (x86)\Windows Kits\10\Windows Performance Toolkit
2016-11-08 16:38:13.863+0000 INFO  [o.n.k.i.DiagnosticsManager] C:\Program Files (x86)\MySQL\MySQL Fabric 1.5.3 & MySQL Utilities 1.5.3 1.5
2016-11-08 16:38:13.863+0000 INFO  [o.n.k.i.DiagnosticsManager] C:\Program Files (x86)\MySQL\MySQL Fabric 1.5.3 & MySQL Utilities 1.5.3 1.5\Doctrine extensions for PHP
2016-11-08 16:38:13.864+0000 INFO  [o.n.k.i.DiagnosticsManager] C:\Program Files\Java\jdk1.8.0_65\bin
2016-11-08 16:38:13.864+0000 INFO  [o.n.k.i.DiagnosticsManager] C:\Program Files (x86)\Skype\Phone
2016-11-08 16:38:13.864+0000 INFO  [o.n.k.i.DiagnosticsManager] C:\Program Files\nodejs
2016-11-08 16:38:13.864+0000 INFO  [o.n.k.i.DiagnosticsManager] C:\Program Files (x86)\Brackets\command
2016-11-08 16:38:13.864+0000 INFO  [o.n.k.i.DiagnosticsManager] C:\Users\Mahmut\AppData\Roaming\npm
2016-11-08 16:38:13.864+0000 INFO  [o.n.k.i.DiagnosticsManager] C:\Program Files (x86)\SSH Communications Security\SSH Secure Shell
2016-11-08 16:38:13.865+0000 INFO  [o.n.k.i.DiagnosticsManager] C:\Program Files\Neo4j CE 3.0.6\bin\%USERPROFILE%\AppData\Local\Microsoft\WindowsApps
2016-11-08 16:38:13.865+0000 INFO  [o.n.k.i.DiagnosticsManager] C:\Program Files\Neo4j CE 3.0.6\bin
2016-11-08 16:38:13.865+0000 INFO  [o.n.k.i.DiagnosticsManager] C:\Program Files\Java\jre1.8.0_66\bin
2016-11-08 16:38:13.865+0000 INFO  [o.n.k.i.DiagnosticsManager] System.properties:
2016-11-08 16:38:13.865+0000 INFO  [o.n.k.i.DiagnosticsManager] exe4j.moduleName = C:\Program Files\Neo4j CE 3.0.6\bin\neo4j-ce.exe
2016-11-08 16:38:13.865+0000 INFO  [o.n.k.i.DiagnosticsManager] exe4j.semaphoreName = Local\c:_program_files_neo4j_ce_3.0.6_bin_neo4j-ce.exe
2016-11-08 16:38:13.865+0000 INFO  [o.n.k.i.DiagnosticsManager] sun.boot.library.path = c:\program files\java\jre1.8.0_66\bin
2016-11-08 16:38:13.865+0000 INFO  [o.n.k.i.DiagnosticsManager] exe4j.consoleCodepage = cp0
2016-11-08 16:38:13.865+0000 INFO  [o.n.k.i.DiagnosticsManager] path.separator = ;
2016-11-08 16:38:13.865+0000 INFO  [o.n.k.i.DiagnosticsManager] file.encoding.pkg = sun.io
2016-11-08 16:38:13.865+0000 INFO  [o.n.k.i.DiagnosticsManager] user.country = US
2016-11-08 16:38:13.865+0000 INFO  [o.n.k.i.DiagnosticsManager] user.script = 
2016-11-08 16:38:13.865+0000 INFO  [o.n.k.i.DiagnosticsManager] sun.os.patch.level = 
2016-11-08 16:38:13.865+0000 INFO  [o.n.k.i.DiagnosticsManager] install4j.exeDir = C:\Program Files\Neo4j CE 3.0.6\bin\
2016-11-08 16:38:13.865+0000 INFO  [o.n.k.i.DiagnosticsManager] user.dir = C:\Program Files\Neo4j CE 3.0.6\bin
2016-11-08 16:38:13.865+0000 INFO  [o.n.k.i.DiagnosticsManager] user.variant = 
2016-11-08 16:38:13.865+0000 INFO  [o.n.k.i.DiagnosticsManager] exe4j.tempDir = 
2016-11-08 16:38:13.865+0000 INFO  [o.n.k.i.DiagnosticsManager] sun.jnu.encoding = Cp1252
2016-11-08 16:38:13.865+0000 INFO  [o.n.k.i.DiagnosticsManager] sun.nio.ch.bugLevel = 
2016-11-08 16:38:13.865+0000 INFO  [o.n.k.i.DiagnosticsManager] unsupported.dbms.udc.source = desktop
2016-11-08 16:38:13.865+0000 INFO  [o.n.k.i.DiagnosticsManager] sun.awt.enableExtraMouseButtons = true
2016-11-08 16:38:13.865+0000 INFO  [o.n.k.i.DiagnosticsManager] install4j.launcherId = 24
2016-11-08 16:38:13.865+0000 INFO  [o.n.k.i.DiagnosticsManager] sun.management.compiler = HotSpot 64-Bit Tiered Compilers
2016-11-08 16:38:13.865+0000 INFO  [o.n.k.i.DiagnosticsManager] exe4j.isInstall4j = true
2016-11-08 16:38:13.865+0000 INFO  [o.n.k.i.DiagnosticsManager] install4j.swt = false
2016-11-08 16:38:13.865+0000 INFO  [o.n.k.i.DiagnosticsManager] user.home = C:\Users\Mahmut
2016-11-08 16:38:13.865+0000 INFO  [o.n.k.i.DiagnosticsManager] user.timezone = Asia/Istanbul
2016-11-08 16:38:13.865+0000 INFO  [o.n.k.i.DiagnosticsManager] file.encoding = Cp1252
2016-11-08 16:38:13.865+0000 INFO  [o.n.k.i.DiagnosticsManager] user.name = Mahmut
2016-11-08 16:38:13.865+0000 INFO  [o.n.k.i.DiagnosticsManager] sun.java.command = C:\Program Files\Neo4j CE 3.0.6\bin\neo4j-ce.exe
2016-11-08 16:38:13.865+0000 INFO  [o.n.k.i.DiagnosticsManager] sun.arch.data.model = 64
2016-11-08 16:38:13.865+0000 INFO  [o.n.k.i.DiagnosticsManager] exe4j.launchName = C:\Program Files\Neo4j CE 3.0.6\bin\neo4j-ce.exe
2016-11-08 16:38:13.865+0000 INFO  [o.n.k.i.DiagnosticsManager] user.language = en
2016-11-08 16:38:13.865+0000 INFO  [o.n.k.i.DiagnosticsManager] awt.toolkit = sun.awt.windows.WToolkit
2016-11-08 16:38:13.865+0000 INFO  [o.n.k.i.DiagnosticsManager] exe4j.unextractedPosition = 0
2016-11-08 16:38:13.865+0000 INFO  [o.n.k.i.DiagnosticsManager] install4j.appDir = C:\Program Files\Neo4j CE 3.0.6\
2016-11-08 16:38:13.865+0000 INFO  [o.n.k.i.DiagnosticsManager] file.separator = \
2016-11-08 16:38:13.865+0000 INFO  [o.n.k.i.DiagnosticsManager] sun.io.unicode.encoding = UnicodeLittle
2016-11-08 16:38:13.865+0000 INFO  [o.n.k.i.DiagnosticsManager] sun.cpu.endian = little
2016-11-08 16:38:13.865+0000 INFO  [o.n.k.i.DiagnosticsManager] sun.desktop = windows
2016-11-08 16:38:13.865+0000 INFO  [o.n.k.i.DiagnosticsManager] sun.cpu.isalist = amd64
2016-11-08 16:38:13.865+0000 INFO  [o.n.k.i.DiagnosticsManager] Network information:
2016-11-08 16:38:13.903+0000 INFO  [o.n.k.i.DiagnosticsManager] Interface Software Loopback Interface 1:
2016-11-08 16:38:13.903+0000 INFO  [o.n.k.i.DiagnosticsManager]     address: 127.0.0.1
2016-11-08 16:38:13.903+0000 INFO  [o.n.k.i.DiagnosticsManager]     address: 0:0:0:0:0:0:0:1
2016-11-08 16:38:13.903+0000 INFO  [o.n.k.i.DiagnosticsManager] Interface Realtek PCIe GBE Family Controller:
2016-11-08 16:38:13.903+0000 INFO  [o.n.k.i.DiagnosticsManager]     address: fe80:0:0:0:f56a:d295:9c47:e56%eth0
2016-11-08 16:38:13.903+0000 INFO  [o.n.k.i.DiagnosticsManager] Interface WAN Miniport (IPv6):
2016-11-08 16:38:13.903+0000 INFO  [o.n.k.i.DiagnosticsManager] Interface WAN Miniport (PPPOE):
2016-11-08 16:38:13.903+0000 INFO  [o.n.k.i.DiagnosticsManager] Interface Microsoft Kernel Debug Network Adapter:
2016-11-08 16:38:13.903+0000 INFO  [o.n.k.i.DiagnosticsManager] Interface Bluetooth PAN HelpText:
2016-11-08 16:38:13.903+0000 INFO  [o.n.k.i.DiagnosticsManager] Interface Intel(R) Wireless-N 7260:
2016-11-08 16:38:13.904+0000 INFO  [o.n.k.i.DiagnosticsManager]     address: 192.168.1.28
2016-11-08 16:38:13.904+0000 INFO  [o.n.k.i.DiagnosticsManager]     address: fe80:0:0:0:a1ab:730:1ceb:e85%wlan0
2016-11-08 16:38:13.904+0000 INFO  [o.n.k.i.DiagnosticsManager] Interface WAN Miniport (L2TP):
2016-11-08 16:38:13.904+0000 INFO  [o.n.k.i.DiagnosticsManager] Interface WAN Miniport (Network Monitor):
2016-11-08 16:38:13.904+0000 INFO  [o.n.k.i.DiagnosticsManager] Interface Microsoft Wi-Fi Direct Virtual Adapter #2:
2016-11-08 16:38:13.904+0000 INFO  [o.n.k.i.DiagnosticsManager] Interface Microsoft Wi-Fi Direct Virtual Adapter:
2016-11-08 16:38:13.904+0000 INFO  [o.n.k.i.DiagnosticsManager]     address: fe80:0:0:0:cc60:120:cdaa:e497%wlan2
2016-11-08 16:38:13.904+0000 INFO  [o.n.k.i.DiagnosticsManager] Interface Realtek RTL8188CU Wireless LAN 802.11n USB 2.0 Network Adapter:
2016-11-08 16:38:13.904+0000 INFO  [o.n.k.i.DiagnosticsManager] Interface WAN Miniport (IKEv2):
2016-11-08 16:38:13.904+0000 INFO  [o.n.k.i.DiagnosticsManager] Interface Microsoft Teredo Tunneling Adapter:
2016-11-08 16:38:13.904+0000 INFO  [o.n.k.i.DiagnosticsManager]     address: 2001:0:9d38:6ab8:38e1:ad6:3f57:fee3
2016-11-08 16:38:13.904+0000 INFO  [o.n.k.i.DiagnosticsManager]     address: fe80:0:0:0:38e1:ad6:3f57:fee3%net2
2016-11-08 16:38:13.904+0000 INFO  [o.n.k.i.DiagnosticsManager] Interface Microsoft ISATAP Adapter #2:
2016-11-08 16:38:13.904+0000 INFO  [o.n.k.i.DiagnosticsManager] Interface WAN Miniport (PPTP):
2016-11-08 16:38:13.904+0000 INFO  [o.n.k.i.DiagnosticsManager] Interface WAN Miniport (IP):
2016-11-08 16:38:13.904+0000 INFO  [o.n.k.i.DiagnosticsManager] Interface WAN Miniport (SSTP):
2016-11-08 16:38:13.904+0000 INFO  [o.n.k.i.DiagnosticsManager] Interface Microsoft ISATAP Adapter:
2016-11-08 16:38:13.904+0000 INFO  [o.n.k.i.DiagnosticsManager]     address: fe80:0:0:0:0:5efe:c0a8:11c%net6
2016-11-08 16:38:13.904+0000 INFO  [o.n.k.i.DiagnosticsManager] Interface Realtek PCIe GBE Family Controller-WFP Native MAC Layer LightWeight Filter-0000:
2016-11-08 16:38:13.904+0000 INFO  [o.n.k.i.DiagnosticsManager] Interface Realtek PCIe GBE Family Controller-QoS Packet Scheduler-0000:
2016-11-08 16:38:13.904+0000 INFO  [o.n.k.i.DiagnosticsManager] Interface Realtek PCIe GBE Family Controller-WFP 802.3 MAC Layer LightWeight Filter-0000:
2016-11-08 16:38:13.904+0000 INFO  [o.n.k.i.DiagnosticsManager] Interface Intel(R) Wireless-N 7260-WFP Native MAC Layer LightWeight Filter-0000:
2016-11-08 16:38:13.904+0000 INFO  [o.n.k.i.DiagnosticsManager] Interface Intel(R) Wireless-N 7260-Virtual WiFi Filter Driver-0000:
2016-11-08 16:38:13.904+0000 INFO  [o.n.k.i.DiagnosticsManager] Interface Intel(R) Wireless-N 7260-Native WiFi Filter Driver-0000:
2016-11-08 16:38:13.904+0000 INFO  [o.n.k.i.DiagnosticsManager] Interface Intel(R) Wireless-N 7260-QoS Packet Scheduler-0000:
2016-11-08 16:38:13.904+0000 INFO  [o.n.k.i.DiagnosticsManager] Interface Intel(R) Wireless-N 7260-WFP 802.3 MAC Layer LightWeight Filter-0000:
2016-11-08 16:38:13.904+0000 INFO  [o.n.k.i.DiagnosticsManager] Interface Microsoft Wi-Fi Direct Virtual Adapter-WFP Native MAC Layer LightWeight Filter-0000:
2016-11-08 16:38:13.904+0000 INFO  [o.n.k.i.DiagnosticsManager] Interface Microsoft Wi-Fi Direct Virtual Adapter-Native WiFi Filter Driver-0000:
2016-11-08 16:38:13.904+0000 INFO  [o.n.k.i.DiagnosticsManager] Interface Microsoft Wi-Fi Direct Virtual Adapter-QoS Packet Scheduler-0000:
2016-11-08 16:38:13.904+0000 INFO  [o.n.k.i.DiagnosticsManager] Interface Microsoft Wi-Fi Direct Virtual Adapter-WFP 802.3 MAC Layer LightWeight Filter-0000:
2016-11-08 16:38:13.904+0000 INFO  [o.n.k.i.DiagnosticsManager] Interface WAN Miniport (IP)-WFP Native MAC Layer LightWeight Filter-0000:
2016-11-08 16:38:13.904+0000 INFO  [o.n.k.i.DiagnosticsManager] Interface WAN Miniport (IP)-QoS Packet Scheduler-0000:
2016-11-08 16:38:13.904+0000 INFO  [o.n.k.i.DiagnosticsManager] Interface WAN Miniport (IPv6)-WFP Native MAC Layer LightWeight Filter-0000:
2016-11-08 16:38:13.904+0000 INFO  [o.n.k.i.DiagnosticsManager] Interface WAN Miniport (IPv6)-QoS Packet Scheduler-0000:
2016-11-08 16:38:13.905+0000 INFO  [o.n.k.i.DiagnosticsManager] Interface WAN Miniport (Network Monitor)-WFP Native MAC Layer LightWeight Filter-0000:
2016-11-08 16:38:13.905+0000 INFO  [o.n.k.i.DiagnosticsManager] Interface WAN Miniport (Network Monitor)-QoS Packet Scheduler-0000:
2016-11-08 16:38:13.905+0000 INFO  [o.n.k.i.DiagnosticsManager] --- INITIALIZED diagnostics END ---
2016-11-08 16:38:13.910+0000 INFO  [o.n.b.v.r.Sessions] No SSL certificate found, generating a self-signed certificate..
2016-11-08 16:38:15.026+0000 INFO  [o.n.b.v.r.Sessions] Bolt Server extension loaded.
2016-11-08 16:38:15.030+0000 INFO  [o.n.b.v.r.Sessions] Bolt enabled on localhost:7687.
2016-11-08 16:38:15.041+0000 INFO  [o.n.k.i.s.f.RecordFormatSelector] Selected format 'RecordFormat:StandardV3_0[v0.A.7]' for the new store
2016-11-08 16:38:16.402+0000 INFO  [o.n.k.a.i.l.LuceneLabelScanStore] No lucene scan store index found, this might just be first use. Preparing to rebuild.
2016-11-08 16:38:16.463+0000 INFO  [o.n.k.NeoStoreDataSource] Opened logical log [C:\Users\Mahmut\Documents\Neo4j\newDBHome\neostore.transaction.db.0] version=0, lastTxId=1 (clean)
2016-11-08 16:38:16.711+0000 WARN  [o.n.k.i.s.MetaDataStore] Missing counts store, rebuilding it.
2016-11-08 16:38:16.832+0000 INFO  [o.n.k.a.i.l.LuceneLabelScanStore] Rebuilding lucene scan store, this may take a while
2016-11-08 16:38:16.847+0000 INFO  [o.n.k.a.i.l.LuceneLabelScanStore] Lucene scan store rebuilt (roughly 0 nodes)
2016-11-08 16:38:16.854+0000 INFO  [o.n.k.i.DatabaseHealth] Database health set to OK
2016-11-08 16:38:16.903+0000 INFO  [o.n.k.AvailabilityGuard] Fulfilling of requirement makes database available: Database available
2016-11-08 16:38:16.909+0000 INFO  [o.n.k.i.f.CommunityFacadeFactory] Database is now ready
2016-11-08 16:38:16.918+0000 INFO  [o.n.k.i.DiagnosticsManager] --- STARTED diagnostics for KernelDiagnostics:Versions START ---
2016-11-08 16:38:16.923+0000 INFO  [o.n.k.i.DiagnosticsManager] Graph Database: community single StoreId{creationTime=1478623096324, randomId=1416013640560089551, storeVersion=15531981201765894, upgradeTime=1478623096324, upgradeId=1}
2016-11-08 16:38:16.927+0000 INFO  [o.n.k.i.DiagnosticsManager] Kernel version: 3.0.6
2016-11-08 16:38:16.936+0000 INFO  [o.n.k.i.DiagnosticsManager] --- STARTED diagnostics for KernelDiagnostics:Versions END ---
2016-11-08 16:38:16.940+0000 INFO  [o.n.k.i.DiagnosticsManager] --- STARTED diagnostics for NEO_STORE_VERSIONS START ---
2016-11-08 16:38:16.943+0000 INFO  [o.n.k.i.DiagnosticsManager] Store versions:
2016-11-08 16:38:16.950+0000 INFO  [o.n.k.i.DiagnosticsManager] Store versions:
2016-11-08 16:38:16.959+0000 INFO  [o.n.k.i.DiagnosticsManager]   ArrayPropertyStore v0.A.7
2016-11-08 16:38:16.962+0000 INFO  [o.n.k.i.DiagnosticsManager]   NodeStore v0.A.7
2016-11-08 16:38:16.969+0000 INFO  [o.n.k.i.DiagnosticsManager]   StringPropertyStore v0.A.7
2016-11-08 16:38:16.973+0000 INFO  [o.n.k.i.DiagnosticsManager]   PropertyIndexStore v0.A.7
2016-11-08 16:38:16.976+0000 INFO  [o.n.k.i.DiagnosticsManager]   StringPropertyStore v0.A.7
2016-11-08 16:38:16.980+0000 INFO  [o.n.k.i.DiagnosticsManager]   ArrayPropertyStore v0.A.7
2016-11-08 16:38:16.988+0000 INFO  [o.n.k.i.DiagnosticsManager]   PropertyStore v0.A.7
2016-11-08 16:38:16.991+0000 INFO  [o.n.k.i.DiagnosticsManager]   RelationshipStore v0.A.7
2016-11-08 16:38:16.995+0000 INFO  [o.n.k.i.DiagnosticsManager]   StringPropertyStore v0.A.7
2016-11-08 16:38:17.000+0000 INFO  [o.n.k.i.DiagnosticsManager]   RelationshipTypeStore v0.A.7
2016-11-08 16:38:17.004+0000 INFO  [o.n.k.i.DiagnosticsManager]   StringPropertyStore v0.A.7
2016-11-08 16:38:17.008+0000 INFO  [o.n.k.i.DiagnosticsManager]   LabelTokenStore v0.A.7
2016-11-08 16:38:17.011+0000 INFO  [o.n.k.i.DiagnosticsManager]   SchemaStore v0.A.7
2016-11-08 16:38:17.017+0000 INFO  [o.n.k.i.DiagnosticsManager]   RelationshipGroupStore v0.A.7
2016-11-08 16:38:17.020+0000 INFO  [o.n.k.i.DiagnosticsManager]   NeoStore v0.A.7
2016-11-08 16:38:17.023+0000 INFO  [o.n.k.i.DiagnosticsManager] --- STARTED diagnostics for NEO_STORE_VERSIONS END ---
2016-11-08 16:38:17.026+0000 INFO  [o.n.k.i.DiagnosticsManager] --- STARTED diagnostics for NEO_STORE_ID_USAGE START ---
2016-11-08 16:38:17.030+0000 INFO  [o.n.k.i.DiagnosticsManager] Id usage:
2016-11-08 16:38:17.034+0000 INFO  [o.n.k.i.DiagnosticsManager] Id usage:
2016-11-08 16:38:17.038+0000 INFO  [o.n.k.i.DiagnosticsManager]   ArrayPropertyStore: used=1 high=0
2016-11-08 16:38:17.041+0000 INFO  [o.n.k.i.DiagnosticsManager]   NodeStore: used=0 high=-1
2016-11-08 16:38:17.044+0000 INFO  [o.n.k.i.DiagnosticsManager]   StringPropertyStore: used=1 high=0
2016-11-08 16:38:17.049+0000 INFO  [o.n.k.i.DiagnosticsManager]   PropertyIndexStore: used=0 high=-1
2016-11-08 16:38:17.054+0000 INFO  [o.n.k.i.DiagnosticsManager]   StringPropertyStore: used=1 high=0
2016-11-08 16:38:17.058+0000 INFO  [o.n.k.i.DiagnosticsManager]   ArrayPropertyStore: used=1 high=0
2016-11-08 16:38:17.062+0000 INFO  [o.n.k.i.DiagnosticsManager]   PropertyStore: used=0 high=-1
2016-11-08 16:38:17.067+0000 INFO  [o.n.k.i.DiagnosticsManager]   RelationshipStore: used=0 high=-1
2016-11-08 16:38:17.070+0000 INFO  [o.n.k.i.DiagnosticsManager]   StringPropertyStore: used=1 high=0
2016-11-08 16:38:17.076+0000 INFO  [o.n.k.i.DiagnosticsManager]   RelationshipTypeStore: used=0 high=-1
2016-11-08 16:38:17.080+0000 INFO  [o.n.k.i.DiagnosticsManager]   StringPropertyStore: used=1 high=0
2016-11-08 16:38:17.084+0000 INFO  [o.n.k.i.DiagnosticsManager]   LabelTokenStore: used=0 high=-1
2016-11-08 16:38:17.088+0000 INFO  [o.n.k.i.DiagnosticsManager]   SchemaStore: used=1 high=0
2016-11-08 16:38:17.093+0000 INFO  [o.n.k.i.DiagnosticsManager]   RelationshipGroupStore: used=1 high=0
2016-11-08 16:38:17.097+0000 INFO  [o.n.k.i.DiagnosticsManager]   NeoStore: used=15 high=14
2016-11-08 16:38:17.101+0000 INFO  [o.n.k.i.DiagnosticsManager] --- STARTED diagnostics for NEO_STORE_ID_USAGE END ---
2016-11-08 16:38:17.105+0000 INFO  [o.n.k.i.DiagnosticsManager] --- STARTED diagnostics for NEO_STORE_RECORDS START ---
2016-11-08 16:38:17.109+0000 INFO  [o.n.k.i.DiagnosticsManager] Neostore records:
2016-11-08 16:38:17.112+0000 INFO  [o.n.k.i.DiagnosticsManager] TIME (Creation time): 1478623096324
2016-11-08 16:38:17.116+0000 INFO  [o.n.k.i.DiagnosticsManager] RANDOM_NUMBER (Random number for store id): 1416013640560089551
2016-11-08 16:38:17.120+0000 INFO  [o.n.k.i.DiagnosticsManager] LOG_VERSION (Current log version): 0
2016-11-08 16:38:17.124+0000 INFO  [o.n.k.i.DiagnosticsManager] LAST_TRANSACTION_ID (Last committed transaction): 1
2016-11-08 16:38:17.127+0000 INFO  [o.n.k.i.DiagnosticsManager] STORE_VERSION (Store format version): 15531981201765894
2016-11-08 16:38:17.131+0000 INFO  [o.n.k.i.DiagnosticsManager] FIRST_GRAPH_PROPERTY (First property record containing graph properties): -1
2016-11-08 16:38:17.134+0000 INFO  [o.n.k.i.DiagnosticsManager] LAST_CONSTRAINT_TRANSACTION (Last committed transaction containing constraint changes): 0
2016-11-08 16:38:17.137+0000 INFO  [o.n.k.i.DiagnosticsManager] UPGRADE_TRANSACTION_ID (Transaction id most recent upgrade was performed at): 1
2016-11-08 16:38:17.140+0000 INFO  [o.n.k.i.DiagnosticsManager] UPGRADE_TIME (Time of last upgrade): 1478623096324
2016-11-08 16:38:17.143+0000 INFO  [o.n.k.i.DiagnosticsManager] LAST_TRANSACTION_CHECKSUM (Checksum of last committed transaction): 0
2016-11-08 16:38:17.146+0000 INFO  [o.n.k.i.DiagnosticsManager] UPGRADE_TRANSACTION_CHECKSUM (Checksum of transaction id the most recent upgrade was performed at): 0
2016-11-08 16:38:17.149+0000 INFO  [o.n.k.i.DiagnosticsManager] LAST_CLOSED_TRANSACTION_LOG_VERSION (Log version where the last transaction commit entry has been written into): 0
2016-11-08 16:38:17.153+0000 INFO  [o.n.k.i.DiagnosticsManager] LAST_CLOSED_TRANSACTION_LOG_BYTE_OFFSET (Byte offset in the log file where the last transaction commit entry has been written into): 16
2016-11-08 16:38:17.157+0000 INFO  [o.n.k.i.DiagnosticsManager] LAST_TRANSACTION_COMMIT_TIMESTAMP (Commit time timestamp for last committed transaction): 0
2016-11-08 16:38:17.160+0000 INFO  [o.n.k.i.DiagnosticsManager] UPGRADE_TRANSACTION_COMMIT_TIMESTAMP (Commit timestamp of transaction the most recent upgrade was performed at): 0
2016-11-08 16:38:17.163+0000 INFO  [o.n.k.i.DiagnosticsManager] --- STARTED diagnostics for NEO_STORE_RECORDS END ---
2016-11-08 16:38:17.166+0000 INFO  [o.n.k.i.DiagnosticsManager] --- STARTED diagnostics for TRANSACTION_RANGE START ---
2016-11-08 16:38:17.169+0000 INFO  [o.n.k.i.DiagnosticsManager] Transaction log:
2016-11-08 16:38:17.173+0000 INFO  [o.n.k.i.DiagnosticsManager] No transactions found in any log
2016-11-08 16:38:17.176+0000 INFO  [o.n.k.i.DiagnosticsManager] --- STARTED diagnostics for TRANSACTION_RANGE END ---
2016-11-08 16:38:17.180+0000 INFO  [o.n.k.i.DiagnosticsManager] --- STARTED diagnostics for KernelDiagnostics:StoreFiles START ---
2016-11-08 16:38:17.184+0000 INFO  [o.n.k.i.DiagnosticsManager] Disk space on partition (Total / Free / Free %): 119507251200 / 36066373632 / 30
Storage files: (filename : modification date - size)
2016-11-08 16:38:17.188+0000 INFO  [o.n.k.i.DiagnosticsManager]   certificates:
2016-11-08 16:38:17.191+0000 INFO  [o.n.k.i.DiagnosticsManager]     neo4j.cert: 2016-11-08T18:38:15+0200 - 1002.00 B
2016-11-08 16:38:17.196+0000 INFO  [o.n.k.i.DiagnosticsManager]     neo4j.key: 2016-11-08T18:38:15+0200 - 1.69 kB
2016-11-08 16:38:17.201+0000 INFO  [o.n.k.i.DiagnosticsManager]   - Total: 2016-11-08T18:38:15+0200 - 2.67 kB
2016-11-08 16:38:17.205+0000 INFO  [o.n.k.i.DiagnosticsManager]   data:
2016-11-08 16:38:17.208+0000 INFO  [o.n.k.i.DiagnosticsManager]     dbms:
2016-11-08 16:38:17.212+0000 INFO  [o.n.k.i.DiagnosticsManager]       auth: 2016-11-08T18:38:16+0200 - 137.00 B
2016-11-08 16:38:17.221+0000 INFO  [o.n.k.i.DiagnosticsManager]     - Total: 2016-11-08T18:38:16+0200 - 137.00 B
2016-11-08 16:38:17.227+0000 INFO  [o.n.k.i.DiagnosticsManager]   - Total: 2016-11-08T18:38:16+0200 - 137.00 B
2016-11-08 16:38:17.236+0000 INFO  [o.n.k.i.DiagnosticsManager]   index:
2016-11-08 16:38:17.245+0000 INFO  [o.n.k.i.DiagnosticsManager]   - Total: 2016-11-08T18:38:16+0200 - 0.00 B
2016-11-08 16:38:17.254+0000 INFO  [o.n.k.i.DiagnosticsManager]   logs:
2016-11-08 16:38:17.262+0000 INFO  [o.n.k.i.DiagnosticsManager]     debug.log: 2016-11-08T18:38:13+0200 - 31.85 kB
2016-11-08 16:38:17.272+0000 INFO  [o.n.k.i.DiagnosticsManager]   - Total: 2016-11-08T18:38:13+0200 - 31.85 kB
2016-11-08 16:38:17.277+0000 INFO  [o.n.k.i.DiagnosticsManager]   neostore: 2016-11-08T18:38:16+0200 - 8.00 kB
2016-11-08 16:38:17.283+0000 INFO  [o.n.k.i.DiagnosticsManager]   neostore.counts.db.a: 2016-11-08T18:38:16+0200 - 96.00 B
2016-11-08 16:38:17.287+0000 INFO  [o.n.k.i.DiagnosticsManager]   neostore.id: 2016-11-08T18:38:16+0200 - 9.00 B
2016-11-08 16:38:17.294+0000 INFO  [o.n.k.i.DiagnosticsManager]   neostore.labeltokenstore.db: 2016-11-08T18:38:15+0200 - 0.00 B
2016-11-08 16:38:17.308+0000 INFO  [o.n.k.i.DiagnosticsManager]   neostore.labeltokenstore.db.id: 2016-11-08T18:38:16+0200 - 9.00 B
2016-11-08 16:38:17.312+0000 INFO  [o.n.k.i.DiagnosticsManager]   neostore.labeltokenstore.db.names: 2016-11-08T18:38:15+0200 - 8.00 kB
2016-11-08 16:38:17.326+0000 INFO  [o.n.k.i.DiagnosticsManager]   neostore.labeltokenstore.db.names.id: 2016-11-08T18:38:15+0200 - 9.00 B
2016-11-08 16:38:17.333+0000 INFO  [o.n.k.i.DiagnosticsManager]   neostore.nodestore.db: 2016-11-08T18:38:15+0200 - 0.00 B
2016-11-08 16:38:17.341+0000 INFO  [o.n.k.i.DiagnosticsManager]   neostore.nodestore.db.id: 2016-11-08T18:38:15+0200 - 9.00 B
2016-11-08 16:38:17.349+0000 INFO  [o.n.k.i.DiagnosticsManager]   neostore.nodestore.db.labels: 2016-11-08T18:38:15+0200 - 8.00 kB
2016-11-08 16:38:17.358+0000 INFO  [o.n.k.i.DiagnosticsManager]   neostore.nodestore.db.labels.id: 2016-11-08T18:38:15+0200 - 9.00 B
2016-11-08 16:38:17.369+0000 INFO  [o.n.k.i.DiagnosticsManager]   neostore.propertystore.db: 2016-11-08T18:38:15+0200 - 0.00 B
2016-11-08 16:38:17.378+0000 INFO  [o.n.k.i.DiagnosticsManager]   neostore.propertystore.db.arrays: 2016-11-08T18:38:15+0200 - 8.00 kB
2016-11-08 16:38:17.392+0000 INFO  [o.n.k.i.DiagnosticsManager]   neostore.propertystore.db.arrays.id: 2016-11-08T18:38:15+0200 - 9.00 B
2016-11-08 16:38:17.407+0000 INFO  [o.n.k.i.DiagnosticsManager]   neostore.propertystore.db.id: 2016-11-08T18:38:15+0200 - 9.00 B
2016-11-08 16:38:17.411+0000 INFO  [o.n.k.i.DiagnosticsManager]   neostore.propertystore.db.index: 2016-11-08T18:38:15+0200 - 0.00 B
2016-11-08 16:38:17.418+0000 INFO  [o.n.k.i.DiagnosticsManager]   neostore.propertystore.db.index.id: 2016-11-08T18:38:15+0200 - 9.00 B
2016-11-08 16:38:17.422+0000 INFO  [o.n.k.i.DiagnosticsManager]   neostore.propertystore.db.index.keys: 2016-11-08T18:38:15+0200 - 8.00 kB
2016-11-08 16:38:17.426+0000 INFO  [o.n.k.i.DiagnosticsManager]   neostore.propertystore.db.index.keys.id: 2016-11-08T18:38:15+0200 - 9.00 B
2016-11-08 16:38:17.439+0000 INFO  [o.n.k.i.DiagnosticsManager]   neostore.propertystore.db.strings: 2016-11-08T18:38:15+0200 - 8.00 kB
2016-11-08 16:38:17.445+0000 INFO  [o.n.k.i.DiagnosticsManager]   neostore.propertystore.db.strings.id: 2016-11-08T18:38:15+0200 - 9.00 B
2016-11-08 16:38:17.456+0000 INFO  [o.n.k.i.DiagnosticsManager]   neostore.relationshipgroupstore.db: 2016-11-08T18:38:16+0200 - 8.00 kB
2016-11-08 16:38:17.463+0000 INFO  [o.n.k.i.DiagnosticsManager]   neostore.relationshipgroupstore.db.id: 2016-11-08T18:38:16+0200 - 9.00 B
2016-11-08 16:38:17.475+0000 INFO  [o.n.k.i.DiagnosticsManager]   neostore.relationshipstore.db: 2016-11-08T18:38:15+0200 - 0.00 B
2016-11-08 16:38:17.489+0000 INFO  [o.n.k.i.DiagnosticsManager]   neostore.relationshipstore.db.id: 2016-11-08T18:38:15+0200 - 9.00 B
2016-11-08 16:38:17.493+0000 INFO  [o.n.k.i.DiagnosticsManager]   neostore.relationshiptypestore.db: 2016-11-08T18:38:15+0200 - 0.00 B
2016-11-08 16:38:17.499+0000 INFO  [o.n.k.i.DiagnosticsManager]   neostore.relationshiptypestore.db.id: 2016-11-08T18:38:15+0200 - 9.00 B
2016-11-08 16:38:17.502+0000 INFO  [o.n.k.i.DiagnosticsManager]   neostore.relationshiptypestore.db.names: 2016-11-08T18:38:15+0200 - 8.00 kB
2016-11-08 16:38:17.506+0000 INFO  [o.n.k.i.DiagnosticsManager]   neostore.relationshiptypestore.db.names.id: 2016-11-08T18:38:15+0200 - 9.00 B
2016-11-08 16:38:17.510+0000 INFO  [o.n.k.i.DiagnosticsManager]   neostore.schemastore.db: 2016-11-08T18:38:16+0200 - 8.00 kB
2016-11-08 16:38:17.520+0000 INFO  [o.n.k.i.DiagnosticsManager]   neostore.schemastore.db.id: 2016-11-08T18:38:16+0200 - 9.00 B
2016-11-08 16:38:17.528+0000 INFO  [o.n.k.i.DiagnosticsManager]   neostore.transaction.db.0: 2016-11-08T18:38:16+0200 - 16.00 B
2016-11-08 16:38:17.539+0000 INFO  [o.n.k.i.DiagnosticsManager]   schema:
2016-11-08 16:38:17.546+0000 INFO  [o.n.k.i.DiagnosticsManager]     label:
2016-11-08 16:38:17.555+0000 INFO  [o.n.k.i.DiagnosticsManager]       lucene:
2016-11-08 16:38:17.561+0000 INFO  [o.n.k.i.DiagnosticsManager]         labelStore:
2016-11-08 16:38:17.568+0000 INFO  [o.n.k.i.DiagnosticsManager]           1:
2016-11-08 16:38:17.578+0000 INFO  [o.n.k.i.DiagnosticsManager]             write.lock: 2016-11-08T18:38:16+0200 - 0.00 B
2016-11-08 16:38:17.587+0000 INFO  [o.n.k.i.DiagnosticsManager]           - Total: 2016-11-08T18:38:16+0200 - 0.00 B
2016-11-08 16:38:17.592+0000 INFO  [o.n.k.i.DiagnosticsManager]           failure-message: 2016-11-08T18:38:16+0200 - 16.00 kB
2016-11-08 16:38:17.595+0000 INFO  [o.n.k.i.DiagnosticsManager]         - Total: 2016-11-08T18:38:16+0200 - 16.00 kB
2016-11-08 16:38:17.599+0000 INFO  [o.n.k.i.DiagnosticsManager]       - Total: 2016-11-08T18:38:16+0200 - 16.00 kB
2016-11-08 16:38:17.602+0000 INFO  [o.n.k.i.DiagnosticsManager]     - Total: 2016-11-08T18:38:16+0200 - 16.00 kB
2016-11-08 16:38:17.608+0000 INFO  [o.n.k.i.DiagnosticsManager]   - Total: 2016-11-08T18:38:16+0200 - 16.00 kB
2016-11-08 16:38:17.612+0000 INFO  [o.n.k.i.DiagnosticsManager]   store_lock: 2016-11-08T18:38:15+0200 - 0.00 B
2016-11-08 16:38:17.619+0000 INFO  [o.n.k.i.DiagnosticsManager] --- STARTED diagnostics for KernelDiagnostics:StoreFiles END ---
2016-11-08 16:38:17.650+0000 INFO  [o.n.k.i.DiagnosticsManager] --- SERVER STARTED START ---
2016-11-08 16:38:17.981+0000 INFO  [o.n.k.i.DiagnosticsManager] --- SERVER STARTED END ---
2016-11-08 16:40:53.901+0000 INFO  [o.n.c.i.ExecutionEngine] Discarded stale query from the query cache: MATCH (a)-[r]->(b) WHERE id(a) IN {node_ids}
AND id(b) IN {new_node_ids}
RETURN r;
2016-11-08 16:40:53.915+0000 INFO  [o.n.c.i.CypherCompiler] Discarded stale query from the query cache: MATCH (a)-[r]->(b) WHERE id(a) IN {node_ids}
AND id(b) IN {new_node_ids}
RETURN r;
2016-11-08 16:43:16.870+0000 INFO  [o.n.k.i.t.l.c.CheckPointerImpl] Check Pointing triggered by scheduler for time threshold [8]:  Starting check pointing...
2016-11-08 16:43:16.879+0000 INFO  [o.n.k.i.t.l.c.CheckPointerImpl] Check Pointing triggered by scheduler for time threshold [8]:  Starting store flush...
2016-11-08 16:43:16.988+0000 INFO  [o.n.k.i.s.c.CountsTracker] About to rotate counts store at transaction 8 to [C:\Users\Mahmut\Documents\Neo4j\newDBHome\neostore.counts.db.b], from [C:\Users\Mahmut\Documents\Neo4j\newDBHome\neostore.counts.db.a].
2016-11-08 16:43:16.998+0000 INFO  [o.n.k.i.s.c.CountsTracker] Successfully rotated counts store at transaction 8 to [C:\Users\Mahmut\Documents\Neo4j\newDBHome\neostore.counts.db.b], from [C:\Users\Mahmut\Documents\Neo4j\newDBHome\neostore.counts.db.a].
2016-11-08 16:43:17.211+0000 INFO  [o.n.k.i.t.l.c.CheckPointerImpl] Check Pointing triggered by scheduler for time threshold [8]:  Store flush completed
2016-11-08 16:43:17.217+0000 INFO  [o.n.k.i.t.l.c.CheckPointerImpl] Check Pointing triggered by scheduler for time threshold [8]:  Starting appending check point entry into the tx log...
2016-11-08 16:43:17.231+0000 INFO  [o.n.k.i.t.l.c.CheckPointerImpl] Check Pointing triggered by scheduler for time threshold [8]:  Appending check point entry into the tx log completed
2016-11-08 16:43:17.235+0000 INFO  [o.n.k.i.t.l.c.CheckPointerImpl] Check Pointing triggered by scheduler for time threshold [8]:  Check pointing completed
2016-11-08 16:43:17.240+0000 INFO  [o.n.k.i.t.l.p.LogPruningImpl] Log Rotation [0]:  Starting log pruning.
2016-11-08 16:43:17.245+0000 INFO  [o.n.k.i.t.l.p.LogPruningImpl] Log Rotation [0]:  Log pruning complete.
2016-11-08 16:48:17.272+0000 INFO  [o.n.k.i.t.l.c.CheckPointerImpl] Check Pointing triggered by scheduler for time threshold [10]:  Starting check pointing...
2016-11-08 16:48:17.283+0000 INFO  [o.n.k.i.t.l.c.CheckPointerImpl] Check Pointing triggered by scheduler for time threshold [10]:  Starting store flush...
2016-11-08 16:48:17.417+0000 INFO  [o.n.k.i.s.c.CountsTracker] About to rotate counts store at transaction 10 to [C:\Users\Mahmut\Documents\Neo4j\newDBHome\neostore.counts.db.a], from [C:\Users\Mahmut\Documents\Neo4j\newDBHome\neostore.counts.db.b].
2016-11-08 16:48:17.453+0000 INFO  [o.n.k.i.s.c.CountsTracker] Successfully rotated counts store at transaction 10 to [C:\Users\Mahmut\Documents\Neo4j\newDBHome\neostore.counts.db.a], from [C:\Users\Mahmut\Documents\Neo4j\newDBHome\neostore.counts.db.b].
2016-11-08 16:48:17.701+0000 INFO  [o.n.k.i.t.l.c.CheckPointerImpl] Check Pointing triggered by scheduler for time threshold [10]:  Store flush completed
2016-11-08 16:48:17.709+0000 INFO  [o.n.k.i.t.l.c.CheckPointerImpl] Check Pointing triggered by scheduler for time threshold [10]:  Starting appending check point entry into the tx log...
2016-11-08 16:48:17.733+0000 INFO  [o.n.k.i.t.l.c.CheckPointerImpl] Check Pointing triggered by scheduler for time threshold [10]:  Appending check point entry into the tx log completed
2016-11-08 16:48:17.737+0000 INFO  [o.n.k.i.t.l.c.CheckPointerImpl] Check Pointing triggered by scheduler for time threshold [10]:  Check pointing completed
2016-11-08 16:48:17.740+0000 INFO  [o.n.k.i.t.l.p.LogPruningImpl] Log Rotation [0]:  Starting log pruning.
2016-11-08 16:48:17.744+0000 INFO  [o.n.k.i.t.l.p.LogPruningImpl] Log Rotation [0]:  Log pruning complete.
2016-11-08 16:53:17.766+0000 INFO  [o.n.k.i.t.l.c.CheckPointerImpl] Check Pointing triggered by scheduler for time threshold [13]:  Starting check pointing...
2016-11-08 16:53:17.777+0000 INFO  [o.n.k.i.t.l.c.CheckPointerImpl] Check Pointing triggered by scheduler for time threshold [13]:  Starting store flush...
2016-11-08 16:53:17.867+0000 INFO  [o.n.k.i.s.c.CountsTracker] About to rotate counts store at transaction 13 to [C:\Users\Mahmut\Documents\Neo4j\newDBHome\neostore.counts.db.b], from [C:\Users\Mahmut\Documents\Neo4j\newDBHome\neostore.counts.db.a].
2016-11-08 16:53:17.880+0000 INFO  [o.n.k.i.s.c.CountsTracker] Successfully rotated counts store at transaction 13 to [C:\Users\Mahmut\Documents\Neo4j\newDBHome\neostore.counts.db.b], from [C:\Users\Mahmut\Documents\Neo4j\newDBHome\neostore.counts.db.a].
2016-11-08 16:53:18.094+0000 INFO  [o.n.k.i.t.l.c.CheckPointerImpl] Check Pointing triggered by scheduler for time threshold [13]:  Store flush completed
2016-11-08 16:53:18.100+0000 INFO  [o.n.k.i.t.l.c.CheckPointerImpl] Check Pointing triggered by scheduler for time threshold [13]:  Starting appending check point entry into the tx log...
2016-11-08 16:53:18.117+0000 INFO  [o.n.k.i.t.l.c.CheckPointerImpl] Check Pointing triggered by scheduler for time threshold [13]:  Appending check point entry into the tx log completed
2016-11-08 16:53:18.120+0000 INFO  [o.n.k.i.t.l.c.CheckPointerImpl] Check Pointing triggered by scheduler for time threshold [13]:  Check pointing completed
2016-11-08 16:53:18.123+0000 INFO  [o.n.k.i.t.l.p.LogPruningImpl] Log Rotation [0]:  Starting log pruning.
2016-11-08 16:53:18.131+0000 INFO  [o.n.k.i.t.l.p.LogPruningImpl] Log Rotation [0]:  Log pruning complete.
2016-11-08 16:58:18.160+0000 INFO  [o.n.k.i.t.l.c.CheckPointerImpl] Check Pointing triggered by scheduler for time threshold [15]:  Starting check pointing...
2016-11-08 16:58:18.175+0000 INFO  [o.n.k.i.t.l.c.CheckPointerImpl] Check Pointing triggered by scheduler for time threshold [15]:  Starting store flush...
2016-11-08 16:58:18.186+0000 INFO  [o.n.k.i.s.c.CountsTracker] About to rotate counts store at transaction 15 to [C:\Users\Mahmut\Documents\Neo4j\newDBHome\neostore.counts.db.a], from [C:\Users\Mahmut\Documents\Neo4j\newDBHome\neostore.counts.db.b].
2016-11-08 16:58:18.203+0000 INFO  [o.n.k.i.s.c.CountsTracker] Successfully rotated counts store at transaction 15 to [C:\Users\Mahmut\Documents\Neo4j\newDBHome\neostore.counts.db.a], from [C:\Users\Mahmut\Documents\Neo4j\newDBHome\neostore.counts.db.b].
2016-11-08 16:58:18.416+0000 INFO  [o.n.k.i.t.l.c.CheckPointerImpl] Check Pointing triggered by scheduler for time threshold [15]:  Store flush completed
2016-11-08 16:58:18.426+0000 INFO  [o.n.k.i.t.l.c.CheckPointerImpl] Check Pointing triggered by scheduler for time threshold [15]:  Starting appending check point entry into the tx log...
2016-11-08 16:58:18.452+0000 INFO  [o.n.k.i.t.l.c.CheckPointerImpl] Check Pointing triggered by scheduler for time threshold [15]:  Appending check point entry into the tx log completed
2016-11-08 16:58:18.461+0000 INFO  [o.n.k.i.t.l.c.CheckPointerImpl] Check Pointing triggered by scheduler for time threshold [15]:  Check pointing completed
2016-11-08 16:58:18.467+0000 INFO  [o.n.k.i.t.l.p.LogPruningImpl] Log Rotation [0]:  Starting log pruning.
2016-11-08 16:58:18.471+0000 INFO  [o.n.k.i.t.l.p.LogPruningImpl] Log Rotation [0]:  Log pruning complete.
2016-11-08 17:05:28.345+0000 INFO  [o.n.k.i.a.i.IndexPopulationJob] Index population started: [:Week(name) [provider: {key=lucene, version=1.0}]]
2016-11-08 17:05:28.425+0000 INFO  [o.n.k.i.a.i.IndexPopulationJob] Completed node store scan. Flushing all pending deletes.
BatchingMultipleIndexPopulator{activeTasks=0, executor=java.util.concurrent.ThreadPoolExecutor@1f7566d6[Running, pool size = 0, active threads = 0, queued tasks = 0, completed tasks = 0], batchedUpdates = [org.neo4j.kernel.impl.api.index.BatchingMultipleIndexPopulator$BatchingIndexPopulation@1f5cb7a - 35 updates], queuedUpdates = 0}
2016-11-08 17:05:28.438+0000 INFO  [o.n.k.i.a.i.IndexPopulationJob] Shutting down executor.
BatchingMultipleIndexPopulator{activeTasks=1, executor=java.util.concurrent.ThreadPoolExecutor@1f7566d6[Running, pool size = 1, active threads = 1, queued tasks = 0, completed tasks = 0], batchedUpdates = [], queuedUpdates = 0}
2016-11-08 17:05:28.538+0000 INFO  [o.n.k.i.t.l.c.CheckPointerImpl] Check Pointing triggered by scheduler for time threshold [16]:  Starting check pointing...
2016-11-08 17:05:28.544+0000 INFO  [o.n.k.i.t.l.c.CheckPointerImpl] Check Pointing triggered by scheduler for time threshold [16]:  Starting store flush...
2016-11-08 17:05:28.576+0000 INFO  [o.n.k.i.a.i.IndexPopulationJob] Index population completed. Index is now online: [:Week(name) [provider: {key=lucene, version=1.0}]]
2016-11-08 17:05:28.585+0000 INFO  [o.n.k.i.a.KernelSchemaStateStore] Schema state store has been cleared.
2016-11-08 17:05:28.660+0000 INFO  [o.n.k.i.s.c.CountsTracker] About to rotate counts store at transaction 16 to [C:\Users\Mahmut\Documents\Neo4j\newDBHome\neostore.counts.db.b], from [C:\Users\Mahmut\Documents\Neo4j\newDBHome\neostore.counts.db.a].
2016-11-08 17:05:28.680+0000 INFO  [o.n.k.i.s.c.CountsTracker] Successfully rotated counts store at transaction 16 to [C:\Users\Mahmut\Documents\Neo4j\newDBHome\neostore.counts.db.b], from [C:\Users\Mahmut\Documents\Neo4j\newDBHome\neostore.counts.db.a].
2016-11-08 17:05:28.877+0000 INFO  [o.n.k.i.t.l.c.CheckPointerImpl] Check Pointing triggered by scheduler for time threshold [16]:  Store flush completed
2016-11-08 17:05:28.884+0000 INFO  [o.n.k.i.t.l.c.CheckPointerImpl] Check Pointing triggered by scheduler for time threshold [16]:  Starting appending check point entry into the tx log...
2016-11-08 17:05:28.909+0000 INFO  [o.n.k.i.t.l.c.CheckPointerImpl] Check Pointing triggered by scheduler for time threshold [16]:  Appending check point entry into the tx log completed
2016-11-08 17:05:28.922+0000 INFO  [o.n.k.i.t.l.c.CheckPointerImpl] Check Pointing triggered by scheduler for time threshold [16]:  Check pointing completed
2016-11-08 17:05:28.937+0000 INFO  [o.n.k.i.t.l.p.LogPruningImpl] Log Rotation [0]:  Starting log pruning.
2016-11-08 17:05:28.949+0000 INFO  [o.n.k.i.t.l.p.LogPruningImpl] Log Rotation [0]:  Log pruning complete.
2016-11-08 17:14:58.991+0000 INFO  [o.n.k.i.t.l.c.CheckPointerImpl] Check Pointing triggered by scheduler for time threshold [17]:  Starting check pointing...
2016-11-08 17:14:58.996+0000 INFO  [o.n.k.i.t.l.c.CheckPointerImpl] Check Pointing triggered by scheduler for time threshold [17]:  Starting store flush...
2016-11-08 17:14:59.190+0000 INFO  [o.n.k.i.s.c.CountsTracker] About to rotate counts store at transaction 17 to [C:\Users\Mahmut\Documents\Neo4j\newDBHome\neostore.counts.db.a], from [C:\Users\Mahmut\Documents\Neo4j\newDBHome\neostore.counts.db.b].
2016-11-08 17:14:59.210+0000 INFO  [o.n.k.i.s.c.CountsTracker] Successfully rotated counts store at transaction 17 to [C:\Users\Mahmut\Documents\Neo4j\newDBHome\neostore.counts.db.a], from [C:\Users\Mahmut\Documents\Neo4j\newDBHome\neostore.counts.db.b].
2016-11-08 17:14:59.437+0000 INFO  [o.n.k.i.t.l.c.CheckPointerImpl] Check Pointing triggered by scheduler for time threshold [17]:  Store flush completed
2016-11-08 17:14:59.451+0000 INFO  [o.n.k.i.t.l.c.CheckPointerImpl] Check Pointing triggered by scheduler for time threshold [17]:  Starting appending check point entry into the tx log...
2016-11-08 17:14:59.473+0000 INFO  [o.n.k.i.t.l.c.CheckPointerImpl] Check Pointing triggered by scheduler for time threshold [17]:  Appending check point entry into the tx log completed
2016-11-08 17:14:59.477+0000 INFO  [o.n.k.i.t.l.c.CheckPointerImpl] Check Pointing triggered by scheduler for time threshold [17]:  Check pointing completed
2016-11-08 17:14:59.481+0000 INFO  [o.n.k.i.t.l.p.LogPruningImpl] Log Rotation [0]:  Starting log pruning.
2016-11-08 17:14:59.485+0000 INFO  [o.n.k.i.t.l.p.LogPruningImpl] Log Rotation [0]:  Log pruning complete.
2016-11-08 17:16:16.834+0000 INFO  [o.n.k.i.a.i.s.OnlineIndexSamplingJob] Sampled index :Week(name) with 34 unique values in sample of avg size 36 taken from index containing 34 entries
2016-11-08 17:19:59.507+0000 INFO  [o.n.k.i.t.l.c.CheckPointerImpl] Check Pointing triggered by scheduler for time threshold [20]:  Starting check pointing...
2016-11-08 17:19:59.512+0000 INFO  [o.n.k.i.t.l.c.CheckPointerImpl] Check Pointing triggered by scheduler for time threshold [20]:  Starting store flush...
2016-11-08 17:19:59.700+0000 INFO  [o.n.k.i.s.c.CountsTracker] About to rotate counts store at transaction 20 to [C:\Users\Mahmut\Documents\Neo4j\newDBHome\neostore.counts.db.b], from [C:\Users\Mahmut\Documents\Neo4j\newDBHome\neostore.counts.db.a].
2016-11-08 17:19:59.708+0000 INFO  [o.n.k.i.s.c.CountsTracker] Successfully rotated counts store at transaction 20 to [C:\Users\Mahmut\Documents\Neo4j\newDBHome\neostore.counts.db.b], from [C:\Users\Mahmut\Documents\Neo4j\newDBHome\neostore.counts.db.a].
2016-11-08 17:19:59.907+0000 INFO  [o.n.k.i.t.l.c.CheckPointerImpl] Check Pointing triggered by scheduler for time threshold [20]:  Store flush completed
2016-11-08 17:19:59.910+0000 INFO  [o.n.k.i.t.l.c.CheckPointerImpl] Check Pointing triggered by scheduler for time threshold [20]:  Starting appending check point entry into the tx log...
2016-11-08 17:19:59.927+0000 INFO  [o.n.k.i.t.l.c.CheckPointerImpl] Check Pointing triggered by scheduler for time threshold [20]:  Appending check point entry into the tx log completed
2016-11-08 17:19:59.932+0000 INFO  [o.n.k.i.t.l.c.CheckPointerImpl] Check Pointing triggered by scheduler for time threshold [20]:  Check pointing completed
2016-11-08 17:19:59.936+0000 INFO  [o.n.k.i.t.l.p.LogPruningImpl] Log Rotation [0]:  Starting log pruning.
2016-11-08 17:19:59.940+0000 INFO  [o.n.k.i.t.l.p.LogPruningImpl] Log Rotation [0]:  Log pruning complete.
2016-11-08 17:28:59.984+0000 INFO  [o.n.k.i.t.l.c.CheckPointerImpl] Check Pointing triggered by scheduler for time threshold [22]:  Starting check pointing...
2016-11-08 17:28:59.992+0000 INFO  [o.n.k.i.t.l.c.CheckPointerImpl] Check Pointing triggered by scheduler for time threshold [22]:  Starting store flush...
2016-11-08 17:29:00.066+0000 INFO  [o.n.k.i.s.c.CountsTracker] About to rotate counts store at transaction 22 to [C:\Users\Mahmut\Documents\Neo4j\newDBHome\neostore.counts.db.a], from [C:\Users\Mahmut\Documents\Neo4j\newDBHome\neostore.counts.db.b].
2016-11-08 17:29:00.081+0000 INFO  [o.n.k.i.s.c.CountsTracker] Successfully rotated counts store at transaction 22 to [C:\Users\Mahmut\Documents\Neo4j\newDBHome\neostore.counts.db.a], from [C:\Users\Mahmut\Documents\Neo4j\newDBHome\neostore.counts.db.b].
2016-11-08 17:29:00.281+0000 INFO  [o.n.k.i.t.l.c.CheckPointerImpl] Check Pointing triggered by scheduler for time threshold [22]:  Store flush completed
2016-11-08 17:29:00.284+0000 INFO  [o.n.k.i.t.l.c.CheckPointerImpl] Check Pointing triggered by scheduler for time threshold [22]:  Starting appending check point entry into the tx log...
2016-11-08 17:29:00.301+0000 INFO  [o.n.k.i.t.l.c.CheckPointerImpl] Check Pointing triggered by scheduler for time threshold [22]:  Appending check point entry into the tx log completed
2016-11-08 17:29:00.305+0000 INFO  [o.n.k.i.t.l.c.CheckPointerImpl] Check Pointing triggered by scheduler for time threshold [22]:  Check pointing completed
2016-11-08 17:29:00.308+0000 INFO  [o.n.k.i.t.l.p.LogPruningImpl] Log Rotation [0]:  Starting log pruning.
2016-11-08 17:29:00.312+0000 INFO  [o.n.k.i.t.l.p.LogPruningImpl] Log Rotation [0]:  Log pruning complete.
2016-11-08 17:34:00.334+0000 INFO  [o.n.k.i.t.l.c.CheckPointerImpl] Check Pointing triggered by scheduler for time threshold [26]:  Starting check pointing...
2016-11-08 17:34:00.339+0000 INFO  [o.n.k.i.t.l.c.CheckPointerImpl] Check Pointing triggered by scheduler for time threshold [26]:  Starting store flush...
2016-11-08 17:34:00.415+0000 INFO  [o.n.k.i.s.c.CountsTracker] About to rotate counts store at transaction 26 to [C:\Users\Mahmut\Documents\Neo4j\newDBHome\neostore.counts.db.b], from [C:\Users\Mahmut\Documents\Neo4j\newDBHome\neostore.counts.db.a].
2016-11-08 17:34:00.426+0000 INFO  [o.n.k.i.s.c.CountsTracker] Successfully rotated counts store at transaction 26 to [C:\Users\Mahmut\Documents\Neo4j\newDBHome\neostore.counts.db.b], from [C:\Users\Mahmut\Documents\Neo4j\newDBHome\neostore.counts.db.a].
2016-11-08 17:34:00.633+0000 INFO  [o.n.k.i.t.l.c.CheckPointerImpl] Check Pointing triggered by scheduler for time threshold [26]:  Store flush completed
2016-11-08 17:34:00.640+0000 INFO  [o.n.k.i.t.l.c.CheckPointerImpl] Check Pointing triggered by scheduler for time threshold [26]:  Starting appending check point entry into the tx log...
2016-11-08 17:34:00.656+0000 INFO  [o.n.k.i.t.l.c.CheckPointerImpl] Check Pointing triggered by scheduler for time threshold [26]:  Appending check point entry into the tx log completed
2016-11-08 17:34:00.661+0000 INFO  [o.n.k.i.t.l.c.CheckPointerImpl] Check Pointing triggered by scheduler for time threshold [26]:  Check pointing completed
2016-11-08 17:34:00.664+0000 INFO  [o.n.k.i.t.l.p.LogPruningImpl] Log Rotation [0]:  Starting log pruning.
2016-11-08 17:34:00.668+0000 INFO  [o.n.k.i.t.l.p.LogPruningImpl] Log Rotation [0]:  Log pruning complete.
2016-11-08 17:38:17.166+0000 WARN  [o.n.k.i.c.MonitorGc] GC Monitor: Application threads blocked for 406ms.
2016-11-08 17:39:00.690+0000 INFO  [o.n.k.i.t.l.c.CheckPointerImpl] Check Pointing triggered by scheduler for time threshold [29]:  Starting check pointing...
2016-11-08 17:39:00.704+0000 INFO  [o.n.k.i.t.l.c.CheckPointerImpl] Check Pointing triggered by scheduler for time threshold [29]:  Starting store flush...
2016-11-08 17:39:00.795+0000 INFO  [o.n.k.i.s.c.CountsTracker] About to rotate counts store at transaction 29 to [C:\Users\Mahmut\Documents\Neo4j\newDBHome\neostore.counts.db.a], from [C:\Users\Mahmut\Documents\Neo4j\newDBHome\neostore.counts.db.b].
2016-11-08 17:39:00.822+0000 INFO  [o.n.k.i.s.c.CountsTracker] Successfully rotated counts store at transaction 29 to [C:\Users\Mahmut\Documents\Neo4j\newDBHome\neostore.counts.db.a], from [C:\Users\Mahmut\Documents\Neo4j\newDBHome\neostore.counts.db.b].
2016-11-08 17:39:01.032+0000 INFO  [o.n.k.i.t.l.c.CheckPointerImpl] Check Pointing triggered by scheduler for time threshold [29]:  Store flush completed
2016-11-08 17:39:01.047+0000 INFO  [o.n.k.i.t.l.c.CheckPointerImpl] Check Pointing triggered by scheduler for time threshold [29]:  Starting appending check point entry into the tx log...
2016-11-08 17:39:01.070+0000 INFO  [o.n.k.i.t.l.c.CheckPointerImpl] Check Pointing triggered by scheduler for time threshold [29]:  Appending check point entry into the tx log completed
2016-11-08 17:39:01.076+0000 INFO  [o.n.k.i.t.l.c.CheckPointerImpl] Check Pointing triggered by scheduler for time threshold [29]:  Check pointing completed
2016-11-08 17:39:01.081+0000 INFO  [o.n.k.i.t.l.p.LogPruningImpl] Log Rotation [0]:  Starting log pruning.
2016-11-08 17:39:01.087+0000 INFO  [o.n.k.i.t.l.p.LogPruningImpl] Log Rotation [0]:  Log pruning complete.
2016-11-08 17:44:21.117+0000 INFO  [o.n.k.i.t.l.c.CheckPointerImpl] Check Pointing triggered by scheduler for time threshold [30]:  Starting check pointing...
2016-11-08 17:44:21.129+0000 INFO  [o.n.k.i.t.l.c.CheckPointerImpl] Check Pointing triggered by scheduler for time threshold [30]:  Starting store flush...
2016-11-08 17:44:21.337+0000 INFO  [o.n.k.i.s.c.CountsTracker] About to rotate counts store at transaction 30 to [C:\Users\Mahmut\Documents\Neo4j\newDBHome\neostore.counts.db.b], from [C:\Users\Mahmut\Documents\Neo4j\newDBHome\neostore.counts.db.a].
2016-11-08 17:44:21.370+0000 INFO  [o.n.k.i.s.c.CountsTracker] Successfully rotated counts store at transaction 30 to [C:\Users\Mahmut\Documents\Neo4j\newDBHome\neostore.counts.db.b], from [C:\Users\Mahmut\Documents\Neo4j\newDBHome\neostore.counts.db.a].
2016-11-08 17:44:21.581+0000 INFO  [o.n.k.i.t.l.c.CheckPointerImpl] Check Pointing triggered by scheduler for time threshold [30]:  Store flush completed
2016-11-08 17:44:21.594+0000 INFO  [o.n.k.i.t.l.c.CheckPointerImpl] Check Pointing triggered by scheduler for time threshold [30]:  Starting appending check point entry into the tx log...
2016-11-08 17:44:21.632+0000 INFO  [o.n.k.i.t.l.c.CheckPointerImpl] Check Pointing triggered by scheduler for time threshold [30]:  Appending check point entry into the tx log completed
2016-11-08 17:44:21.646+0000 INFO  [o.n.k.i.t.l.c.CheckPointerImpl] Check Pointing triggered by scheduler for time threshold [30]:  Check pointing completed
2016-11-08 17:44:21.660+0000 INFO  [o.n.k.i.t.l.p.LogPruningImpl] Log Rotation [0]:  Starting log pruning.
2016-11-08 17:44:21.672+0000 INFO  [o.n.k.i.t.l.p.LogPruningImpl] Log Rotation [0]:  Log pruning complete.
2016-11-08 17:47:25.182+0000 INFO  [o.n.c.i.ExecutionEngine] Discarded stale query from the query cache: MATCH (a)-[r]->(b) WHERE id(a) IN {node_ids}
AND id(b) IN {new_node_ids}
RETURN r;
2016-11-08 17:47:25.191+0000 INFO  [o.n.c.i.CypherCompiler] Discarded stale query from the query cache: MATCH (a)-[r]->(b) WHERE id(a) IN {node_ids}
AND id(b) IN {new_node_ids}
RETURN r;
2016-11-08 17:47:30.764+0000 INFO  [o.n.c.i.CypherCompiler] Discarded stale query from the query cache: MATCH path = (a)--(o)
WHERE id(a)= 57
AND NOT (id(o) IN[])
RETURN path, size((a)--()) as c
ORDER BY id(o)
LIMIT 100
2016-11-08 17:47:39.250+0000 INFO  [o.n.c.i.ExecutionEngine] Discarded stale query from the query cache: MATCH path = (a)--(o)
WHERE id(a)= 56
AND NOT (id(o) IN[])
RETURN path, size((a)--()) as c
ORDER BY id(o)
LIMIT 100
2016-11-08 17:49:21.700+0000 INFO  [o.n.k.i.t.l.c.CheckPointerImpl] Check Pointing triggered by scheduler for time threshold [35]:  Starting check pointing...
2016-11-08 17:49:21.713+0000 INFO  [o.n.k.i.t.l.c.CheckPointerImpl] Check Pointing triggered by scheduler for time threshold [35]:  Starting store flush...
2016-11-08 17:49:21.819+0000 INFO  [o.n.k.i.s.c.CountsTracker] About to rotate counts store at transaction 35 to [C:\Users\Mahmut\Documents\Neo4j\newDBHome\neostore.counts.db.a], from [C:\Users\Mahmut\Documents\Neo4j\newDBHome\neostore.counts.db.b].
2016-11-08 17:49:21.848+0000 INFO  [o.n.k.i.s.c.CountsTracker] Successfully rotated counts store at transaction 35 to [C:\Users\Mahmut\Documents\Neo4j\newDBHome\neostore.counts.db.a], from [C:\Users\Mahmut\Documents\Neo4j\newDBHome\neostore.counts.db.b].
2016-11-08 17:49:22.073+0000 INFO  [o.n.k.i.t.l.c.CheckPointerImpl] Check Pointing triggered by scheduler for time threshold [35]:  Store flush completed
2016-11-08 17:49:22.089+0000 INFO  [o.n.k.i.t.l.c.CheckPointerImpl] Check Pointing triggered by scheduler for time threshold [35]:  Starting appending check point entry into the tx log...
2016-11-08 17:49:22.116+0000 INFO  [o.n.k.i.t.l.c.CheckPointerImpl] Check Pointing triggered by scheduler for time threshold [35]:  Appending check point entry into the tx log completed
2016-11-08 17:49:22.131+0000 INFO  [o.n.k.i.t.l.c.CheckPointerImpl] Check Pointing triggered by scheduler for time threshold [35]:  Check pointing completed
2016-11-08 17:49:22.144+0000 INFO  [o.n.k.i.t.l.p.LogPruningImpl] Log Rotation [0]:  Starting log pruning.
2016-11-08 17:49:22.154+0000 INFO  [o.n.k.i.t.l.p.LogPruningImpl] Log Rotation [0]:  Log pruning complete.
2016-11-08 17:49:42.184+0000 INFO  [o.n.c.i.ExecutionEngine] Discarded stale query from the query cache: MATCH (n:Match) RETURN n LIMIT 25
2016-11-08 17:49:42.192+0000 INFO  [o.n.c.i.CypherCompiler] Discarded stale query from the query cache: MATCH (n:Match) RETURN n LIMIT 25
2016-11-08 17:54:22.172+0000 INFO  [o.n.k.i.t.l.c.CheckPointerImpl] Check Pointing triggered by scheduler for time threshold [36]:  Starting check pointing...
2016-11-08 17:54:22.190+0000 INFO  [o.n.k.i.t.l.c.CheckPointerImpl] Check Pointing triggered by scheduler for time threshold [36]:  Starting store flush...
2016-11-08 17:54:22.398+0000 INFO  [o.n.k.i.s.c.CountsTracker] About to rotate counts store at transaction 36 to [C:\Users\Mahmut\Documents\Neo4j\newDBHome\neostore.counts.db.b], from [C:\Users\Mahmut\Documents\Neo4j\newDBHome\neostore.counts.db.a].
2016-11-08 17:54:22.427+0000 INFO  [o.n.k.i.s.c.CountsTracker] Successfully rotated counts store at transaction 36 to [C:\Users\Mahmut\Documents\Neo4j\newDBHome\neostore.counts.db.b], from [C:\Users\Mahmut\Documents\Neo4j\newDBHome\neostore.counts.db.a].
2016-11-08 17:54:22.643+0000 INFO  [o.n.k.i.t.l.c.CheckPointerImpl] Check Pointing triggered by scheduler for time threshold [36]:  Store flush completed
2016-11-08 17:54:22.667+0000 INFO  [o.n.k.i.t.l.c.CheckPointerImpl] Check Pointing triggered by scheduler for time threshold [36]:  Starting appending check point entry into the tx log...
2016-11-08 17:54:22.693+0000 INFO  [o.n.k.i.t.l.c.CheckPointerImpl] Check Pointing triggered by scheduler for time threshold [36]:  Appending check point entry into the tx log completed
2016-11-08 17:54:22.699+0000 INFO  [o.n.k.i.t.l.c.CheckPointerImpl] Check Pointing triggered by scheduler for time threshold [36]:  Check pointing completed
2016-11-08 17:54:22.706+0000 INFO  [o.n.k.i.t.l.p.LogPruningImpl] Log Rotation [0]:  Starting log pruning.
2016-11-08 17:54:22.717+0000 INFO  [o.n.k.i.t.l.p.LogPruningImpl] Log Rotation [0]:  Log pruning complete.
2016-11-08 17:57:41.773+0000 INFO  [o.n.c.i.ExecutionEngine] Discarded stale query from the query cache: MATCH (a)-[r]->(b) WHERE id(a) IN {node_ids}
AND id(b) IN {new_node_ids}
RETURN r;
2016-11-08 17:57:41.780+0000 INFO  [o.n.c.i.CypherCompiler] Discarded stale query from the query cache: MATCH (a)-[r]->(b) WHERE id(a) IN {node_ids}
AND id(b) IN {new_node_ids}
RETURN r;
2016-11-08 17:57:59.004+0000 INFO  [o.n.c.i.ExecutionEngine] Discarded stale query from the query cache: MATCH path = (a)--(o)
WHERE id(a)= 55
AND NOT (id(o) IN[])
RETURN path, size((a)--()) as c
ORDER BY id(o)
LIMIT 100
2016-11-08 17:57:59.014+0000 INFO  [o.n.c.i.CypherCompiler] Discarded stale query from the query cache: MATCH path = (a)--(o)
WHERE id(a)= 55
AND NOT (id(o) IN[])
RETURN path, size((a)--()) as c
ORDER BY id(o)
LIMIT 100
2016-11-08 17:58:43.073+0000 INFO  [o.n.c.i.ExecutionEngine] Discarded stale query from the query cache: EXPLAIN Match (m:Match {name:"Match1_1"}),(w:Week {name:"Week1"})
Create p=(w)-[:HAS_A]->(m)

2016-11-08 17:58:43.090+0000 INFO  [o.n.c.i.CypherCompiler] Discarded stale query from the query cache: Match (m:Match {name:"Match1_1"}),(w:Week {name:"Week1"})
Create p=(w)-[:HAS_A]->(m)

2016-11-08 17:59:22.739+0000 INFO  [o.n.k.i.t.l.c.CheckPointerImpl] Check Pointing triggered by scheduler for time threshold [45]:  Starting check pointing...
2016-11-08 17:59:22.756+0000 INFO  [o.n.k.i.t.l.c.CheckPointerImpl] Check Pointing triggered by scheduler for time threshold [45]:  Starting store flush...
2016-11-08 17:59:22.837+0000 INFO  [o.n.k.i.s.c.CountsTracker] About to rotate counts store at transaction 45 to [C:\Users\Mahmut\Documents\Neo4j\newDBHome\neostore.counts.db.a], from [C:\Users\Mahmut\Documents\Neo4j\newDBHome\neostore.counts.db.b].
2016-11-08 17:59:22.850+0000 INFO  [o.n.k.i.s.c.CountsTracker] Successfully rotated counts store at transaction 45 to [C:\Users\Mahmut\Documents\Neo4j\newDBHome\neostore.counts.db.a], from [C:\Users\Mahmut\Documents\Neo4j\newDBHome\neostore.counts.db.b].
2016-11-08 17:59:23.063+0000 INFO  [o.n.k.i.t.l.c.CheckPointerImpl] Check Pointing triggered by scheduler for time threshold [45]:  Store flush completed
2016-11-08 17:59:23.077+0000 INFO  [o.n.k.i.t.l.c.CheckPointerImpl] Check Pointing triggered by scheduler for time threshold [45]:  Starting appending check point entry into the tx log...
2016-11-08 17:59:23.099+0000 INFO  [o.n.k.i.t.l.c.CheckPointerImpl] Check Pointing triggered by scheduler for time threshold [45]:  Appending check point entry into the tx log completed
2016-11-08 17:59:23.104+0000 INFO  [o.n.k.i.t.l.c.CheckPointerImpl] Check Pointing triggered by scheduler for time threshold [45]:  Check pointing completed
2016-11-08 17:59:23.113+0000 INFO  [o.n.k.i.t.l.p.LogPruningImpl] Log Rotation [0]:  Starting log pruning.
2016-11-08 17:59:23.117+0000 INFO  [o.n.k.i.t.l.p.LogPruningImpl] Log Rotation [0]:  Log pruning complete.
2016-11-08 18:00:09.517+0000 INFO  [o.n.c.i.CypherCompiler] Discarded stale query from the query cache: MATCH path = (a)--(o)
WHERE id(a)= 62
AND NOT (id(o) IN[55])
RETURN path, size((a)--()) as c
ORDER BY id(o)
LIMIT 99
2016-11-08 18:00:32.730+0000 INFO  [o.n.c.i.ExecutionEngine] Discarded stale query from the query cache: MATCH path = (a)--(o)
WHERE id(a)= 57
AND NOT (id(o) IN[55])
RETURN path, size((a)--()) as c
ORDER BY id(o)
LIMIT 99
2016-11-08 18:00:37.006+0000 INFO  [o.n.c.i.ExecutionEngine] Discarded stale query from the query cache: MATCH path = (a)--(o)
WHERE id(a)= 56
AND NOT (id(o) IN[55])
RETURN path, size((a)--()) as c
ORDER BY id(o)
LIMIT 99
2016-11-08 18:04:23.146+0000 INFO  [o.n.k.i.t.l.c.CheckPointerImpl] Check Pointing triggered by scheduler for time threshold [50]:  Starting check pointing...
2016-11-08 18:04:23.162+0000 INFO  [o.n.k.i.t.l.c.CheckPointerImpl] Check Pointing triggered by scheduler for time threshold [50]:  Starting store flush...
2016-11-08 18:04:23.251+0000 INFO  [o.n.k.i.s.c.CountsTracker] About to rotate counts store at transaction 50 to [C:\Users\Mahmut\Documents\Neo4j\newDBHome\neostore.counts.db.b], from [C:\Users\Mahmut\Documents\Neo4j\newDBHome\neostore.counts.db.a].
2016-11-08 18:04:23.260+0000 INFO  [o.n.k.i.s.c.CountsTracker] Successfully rotated counts store at transaction 50 to [C:\Users\Mahmut\Documents\Neo4j\newDBHome\neostore.counts.db.b], from [C:\Users\Mahmut\Documents\Neo4j\newDBHome\neostore.counts.db.a].
2016-11-08 18:04:23.486+0000 INFO  [o.n.k.i.t.l.c.CheckPointerImpl] Check Pointing triggered by scheduler for time threshold [50]:  Store flush completed
2016-11-08 18:04:23.498+0000 INFO  [o.n.k.i.t.l.c.CheckPointerImpl] Check Pointing triggered by scheduler for time threshold [50]:  Starting appending check point entry into the tx log...
2016-11-08 18:04:23.521+0000 INFO  [o.n.k.i.t.l.c.CheckPointerImpl] Check Pointing triggered by scheduler for time threshold [50]:  Appending check point entry into the tx log completed
2016-11-08 18:04:23.526+0000 INFO  [o.n.k.i.t.l.c.CheckPointerImpl] Check Pointing triggered by scheduler for time threshold [50]:  Check pointing completed
2016-11-08 18:04:23.531+0000 INFO  [o.n.k.i.t.l.p.LogPruningImpl] Log Rotation [0]:  Starting log pruning.
2016-11-08 18:04:23.537+0000 INFO  [o.n.k.i.t.l.p.LogPruningImpl] Log Rotation [0]:  Log pruning complete.
2016-11-08 18:09:23.570+0000 INFO  [o.n.k.i.t.l.c.CheckPointerImpl] Check Pointing triggered by scheduler for time threshold [53]:  Starting check pointing...
2016-11-08 18:09:23.575+0000 INFO  [o.n.k.i.t.l.c.CheckPointerImpl] Check Pointing triggered by scheduler for time threshold [53]:  Starting store flush...
2016-11-08 18:09:23.647+0000 INFO  [o.n.k.i.s.c.CountsTracker] About to rotate counts store at transaction 53 to [C:\Users\Mahmut\Documents\Neo4j\newDBHome\neostore.counts.db.a], from [C:\Users\Mahmut\Documents\Neo4j\newDBHome\neostore.counts.db.b].
2016-11-08 18:09:23.661+0000 INFO  [o.n.k.i.s.c.CountsTracker] Successfully rotated counts store at transaction 53 to [C:\Users\Mahmut\Documents\Neo4j\newDBHome\neostore.counts.db.a], from [C:\Users\Mahmut\Documents\Neo4j\newDBHome\neostore.counts.db.b].
2016-11-08 18:09:23.873+0000 INFO  [o.n.k.i.t.l.c.CheckPointerImpl] Check Pointing triggered by scheduler for time threshold [53]:  Store flush completed
2016-11-08 18:09:23.877+0000 INFO  [o.n.k.i.t.l.c.CheckPointerImpl] Check Pointing triggered by scheduler for time threshold [53]:  Starting appending check point entry into the tx log...
2016-11-08 18:09:23.897+0000 INFO  [o.n.k.i.t.l.c.CheckPointerImpl] Check Pointing triggered by scheduler for time threshold [53]:  Appending check point entry into the tx log completed
2016-11-08 18:09:23.902+0000 INFO  [o.n.k.i.t.l.c.CheckPointerImpl] Check Pointing triggered by scheduler for time threshold [53]:  Check pointing completed
2016-11-08 18:09:23.910+0000 INFO  [o.n.k.i.t.l.p.LogPruningImpl] Log Rotation [0]:  Starting log pruning.
2016-11-08 18:09:23.914+0000 INFO  [o.n.k.i.t.l.p.LogPruningImpl] Log Rotation [0]:  Log pruning complete.
2016-11-08 18:11:12.380+0000 INFO  [o.n.k.i.f.CommunityFacadeFactory] Shutdown started
2016-11-08 18:11:12.389+0000 INFO  [o.n.k.i.f.CommunityFacadeFactory] Database is now unavailable
2016-11-08 18:11:12.403+0000 INFO  [o.n.k.i.t.l.c.CheckPointerImpl] Check Pointing triggered by database shutdown [53]:  Starting check pointing...
2016-11-08 18:11:12.412+0000 INFO  [o.n.k.i.t.l.c.CheckPointerImpl] Check Pointing triggered by database shutdown [53]:  Starting store flush...
